2025-01-31 21:09:21 - ERROR - Request error for https://bincheck.io/fr/af/intl-hdqtrsـcenter-owned: 404 Client Error: Not Found for url: https://bincheck.io/fr/af/intl-hdqtrs%D9%80center-owned
2025-01-31 21:09:22 - ERROR - Request error for https://bincheck.io/fr/al/intl-hdqtrsـcenter-owned: 404 Client Error: Not Found for url: https://bincheck.io/fr/al/intl-hdqtrs%D9%80center-owned
2025-01-31 21:09:22 - ERROR - Request error for https://bincheck.io/fr/dz/al-salam-bank-ـ-algeria-ـ-spa: 404 Client Error: Not Found for url: https://bincheck.io/fr/dz/al-salam-bank-%D9%80-algeria-%D9%80-spa
2025-01-31 21:09:23 - ERROR - Request error for https://bincheck.io/fr/dz/banque-de-developpement-local-ـ-s.p.a.: 404 Client Error: Not Found for url: https://bincheck.io/fr/dz/banque-de-developpement-local-%D9%80-s.p.a.
2025-01-31 21:09:24 - ERROR - Request error for https://bincheck.io/fr/dz/banque-de-l'agriculture-et-du-developpement-rural-ـ-spa: 404 Client Error: Not Found for url: https://bincheck.io/fr/dz/banque-de-l'agriculture-et-du-developpement-rural-%D9%80-spa
2025-01-31 21:09:25 - ERROR - Request error for https://bincheck.io/fr/dz/bnp-paribas-el-djazair-ـ-spa: 404 Client Error: Not Found for url: https://bincheck.io/fr/dz/bnp-paribas-el-djazair-%D9%80-spa
2025-01-31 21:09:25 - ERROR - Request error for https://bincheck.io/fr/dz/intl-hdqtrsـcenter-owned: 404 Client Error: Not Found for url: https://bincheck.io/fr/dz/intl-hdqtrs%D9%80center-owned
2025-01-31 21:09:26 - ERROR - Request error for https://bincheck.io/fr/dz/societe-generale-algerie-ـ-spa: 404 Client Error: Not Found for url: https://bincheck.io/fr/dz/societe-generale-algerie-%D9%80-spa
2025-01-31 21:09:27 - ERROR - Request error for https://bincheck.io/fr/as/intl-hdqtrsـcenter-owned: 404 Client Error: Not Found for url: https://bincheck.io/fr/as/intl-hdqtrs%D9%80center-owned
2025-01-31 21:09:27 - ERROR - Request error for https://bincheck.io/fr/as/westpac-ـ-south-pacific: 404 Client Error: Not Found for url: https://bincheck.io/fr/as/westpac-%D9%80-south-pacific
2025-01-31 21:09:28 - ERROR - Request error for https://bincheck.io/fr/ao/intl-hdqtrsـcenter-owned: 404 Client Error: Not Found for url: https://bincheck.io/fr/ao/intl-hdqtrs%D9%80center-owned
2025-01-31 21:09:29 - ERROR - Request error for https://bincheck.io/fr/ag/grenada-coـoperative-bank,-ltd.: 404 Client Error: Not Found for url: https://bincheck.io/fr/ag/grenada-co%D9%80operative-bank,-ltd.
2025-01-31 21:09:30 - ERROR - Request error for https://bincheck.io/fr/arg/banco-columbia-s.a.-ـ-principal: 404 Client Error: Not Found for url: https://bincheck.io/fr/arg/banco-columbia-s.a.-%D9%80-principal
2025-01-31 21:10:48 - ERROR - Request error for https://bincheck.io/fr/arg/cabal-ـ-issuer: 404 Client Error: Not Found for url: https://bincheck.io/fr/arg/cabal-%D9%80-issuer
2025-01-31 21:12:25 - ERROR - Request error for https://bincheck.io/fr/am/areximbankـgazprombank-group-cjsc: 404 Client Error: Not Found for url: https://bincheck.io/fr/am/areximbank%D9%80gazprombank-group-cjsc
2025-01-31 21:12:33 - ERROR - Request error for https://bincheck.io/fr/am/creditـyervan-bank-(jsc): 404 Client Error: Not Found for url: https://bincheck.io/fr/am/credit%D9%80yervan-bank-(jsc)
2025-01-31 21:12:40 - ERROR - Request error for https://bincheck.io/fr/am/industrial-construction-bank-closed-jointـstock-company-(ardshinbank: 404 Client Error: Not Found for url: https://bincheck.io/fr/am/industrial-construction-bank-closed-joint%D9%80stock-company-(ardshinbank
2025-01-31 21:12:43 - ERROR - Request error for https://bincheck.io/fr/am/intl-hdqtrsـcenter-owned: 404 Client Error: Not Found for url: https://bincheck.io/fr/am/intl-hdqtrs%D9%80center-owned
2025-01-31 21:13:08 - ERROR - Request error for https://bincheck.io/fr/aw/intl-hdqtrsـcenter-owned: 404 Client Error: Not Found for url: https://bincheck.io/fr/aw/intl-hdqtrs%D9%80center-owned
2025-01-31 21:13:33 - ERROR - Request error for https://bincheck.io/fr/au/anz-ـ-australia-and-new-zealand-banking-group: 404 Client Error: Not Found for url: https://bincheck.io/fr/au/anz-%D9%80-australia-and-new-zealand-banking-group
2025-01-31 21:13:38 - ERROR - Request error for https://bincheck.io/fr/au/asiaـpacific-region: 404 Client Error: Not Found for url: https://bincheck.io/fr/au/asia%D9%80pacific-region
2025-01-31 21:14:58 - ERROR - Request error for https://bincheck.io/fr/au/dnister-ukrainian-credit-coـoperative,-ltd.: 404 Client Error: Not Found for url: https://bincheck.io/fr/au/dnister-ukrainian-credit-co%D9%80operative,-ltd.
2025-01-31 21:15:19 - ERROR - Request error for https://bincheck.io/fr/au/goulburn-murray-credit-union-coـoperative,-ltd.: 404 Client Error: Not Found for url: https://bincheck.io/fr/au/goulburn-murray-credit-union-co%D9%80operative,-ltd.
2025-01-31 21:15:19 - ERROR - Request error for https://bincheck.io/fr/au/greater-bank-ـ-a-division-of-newcastle: 404 Client Error: Not Found for url: https://bincheck.io/fr/au/greater-bank-%D9%80-a-division-of-newcastle
2025-01-31 21:15:25 - ERROR - Request error for https://bincheck.io/fr/au/heritage-bank-ـ-a-division-of-heritage-people's-choice,-ltd.: 404 Client Error: Not Found for url: https://bincheck.io/fr/au/heritage-bank-%D9%80-a-division-of-heritage-people's-choice,-ltd.
2025-01-31 21:15:47 - ERROR - Request error for https://bincheck.io/fr/au/intl-hdqtrsـcenter-owned: 404 Client Error: Not Found for url: https://bincheck.io/fr/au/intl-hdqtrs%D9%80center-owned
2025-01-31 21:16:07 - ERROR - Request error for https://bincheck.io/fr/au/mastercard-ـ-prepaid-debit-card: 404 Client Error: Not Found for url: https://bincheck.io/fr/au/mastercard-%D9%80-prepaid-debit-card
2025-01-31 21:17:12 - ERROR - Request error for https://bincheck.io/fr/au/suncorpـmetway,-ltd.: 404 Client Error: Not Found for url: https://bincheck.io/fr/au/suncorp%D9%80metway,-ltd.
2025-01-31 21:17:18 - ERROR - Request error for https://bincheck.io/fr/au/transcomm-credit-coـop,-ltd,: 404 Client Error: Not Found for url: https://bincheck.io/fr/au/transcomm-credit-co%D9%80op,-ltd,
2025-01-31 21:17:31 - ERROR - Request error for https://bincheck.io/fr/au/waw-credit-union-coـoperative,-ltd.: 404 Client Error: Not Found for url: https://bincheck.io/fr/au/waw-credit-union-co%D9%80operative,-ltd.
